[20250515 14:14:19:288][INFO ][com.example.demo.DemoApplication] Starting DemoApplication using Java 17.0.6 with PID 71083 (/Users/sik2/project/likelion/html-java2505/target/classes started by sik2 in /Users/sik2/project/likelion/html-java2505)
[20250515 14:14:19:290][INFO ][com.example.demo.DemoApplication] No active profile set, falling back to 1 default profile: "default"
[20250515 14:14:19:324][INFO ][o.s.b.d.e.DevToolsPropertyDefaultsPostProcessor] Devtools property defaults active! Set 'spring.devtools.add-properties' to 'false' to disable
[20250515 14:14:19:324][INFO ][o.s.b.d.e.DevToolsPropertyDefaultsPostProcessor] For additional web related logging consider setting the 'logging.level.web' property to 'DEBUG'
[20250515 14:14:20:078][INFO ][o.s.b.w.embedded.tomcat.TomcatWebServer] Tomcat initialized with port 4242 (http)
[20250515 14:14:20:090][INFO ][o.apache.coyote.http11.Http11NioProtocol] Initializing ProtocolHandler ["http-nio-4242"]
[20250515 14:14:20:092][INFO ][o.apache.catalina.core.StandardService] Starting service [Tomcat]
[20250515 14:14:20:092][INFO ][org.apache.catalina.core.StandardEngine] Starting Servlet engine: [Apache Tomcat/10.1.16]
[20250515 14:14:20:131][INFO ][o.a.c.c.C.[Tomcat].[localhost].[/]] Initializing Spring embedded WebApplicationContext
[20250515 14:14:20:131][INFO ][o.s.b.w.s.c.ServletWebServerApplicationContext] Root WebApplicationContext: initialization completed in 806 ms
[20250515 14:14:20:440][WARN ][o.s.b.d.a.OptionalLiveReloadServer] Unable to start LiveReload server
[20250515 14:14:20:457][INFO ][o.apache.coyote.http11.Http11NioProtocol] Starting ProtocolHandler ["http-nio-4242"]
[20250515 14:14:20:472][INFO ][o.s.b.w.embedded.tomcat.TomcatWebServer] Tomcat started on port 4242 (http) with context path ''
[20250515 14:14:20:480][INFO ][com.example.demo.DemoApplication] Started DemoApplication in 1.677 seconds (process running for 2.086)
[20250515 14:15:10:532][INFO ][o.a.c.c.C.[Tomcat].[localhost].[/]] Initializing Spring DispatcherServlet 'dispatcherServlet'
[20250515 14:15:10:532][INFO ][o.s.web.servlet.DispatcherServlet] Initializing Servlet 'dispatcherServlet'
[20250515 14:15:10:581][INFO ][o.s.web.servlet.DispatcherServlet] Completed initialization in 49 ms
[20250515 14:21:47:257][INFO ][com.example.demo.DemoApplication] Starting DemoApplication using Java 17.0.6 with PID 74550 (/Users/sik2/project/likelion/html-java2505/target/classes started by sik2 in /Users/sik2/project/likelion/html-java2505)
[20250515 14:21:47:258][INFO ][com.example.demo.DemoApplication] No active profile set, falling back to 1 default profile: "default"
[20250515 14:21:47:294][INFO ][o.s.b.d.e.DevToolsPropertyDefaultsPostProcessor] Devtools property defaults active! Set 'spring.devtools.add-properties' to 'false' to disable
[20250515 14:21:47:295][INFO ][o.s.b.d.e.DevToolsPropertyDefaultsPostProcessor] For additional web related logging consider setting the 'logging.level.web' property to 'DEBUG'
[20250515 14:21:47:874][INFO ][o.s.b.w.embedded.tomcat.TomcatWebServer] Tomcat initialized with port 4242 (http)
[20250515 14:21:47:879][INFO ][o.apache.coyote.http11.Http11NioProtocol] Initializing ProtocolHandler ["http-nio-4242"]
[20250515 14:21:47:881][INFO ][o.apache.catalina.core.StandardService] Starting service [Tomcat]
[20250515 14:21:47:881][INFO ][org.apache.catalina.core.StandardEngine] Starting Servlet engine: [Apache Tomcat/10.1.16]
[20250515 14:21:47:906][INFO ][o.a.c.c.C.[Tomcat].[localhost].[/]] Initializing Spring embedded WebApplicationContext
[20250515 14:21:47:906][INFO ][o.s.b.w.s.c.ServletWebServerApplicationContext] Root WebApplicationContext: initialization completed in 611 ms
[20250515 14:21:48:092][WARN ][o.s.b.d.a.OptionalLiveReloadServer] Unable to start LiveReload server
[20250515 14:21:48:101][INFO ][o.apache.coyote.http11.Http11NioProtocol] Starting ProtocolHandler ["http-nio-4242"]
[20250515 14:21:48:115][INFO ][o.s.b.w.embedded.tomcat.TomcatWebServer] Tomcat started on port 4242 (http) with context path ''
[20250515 14:21:48:122][INFO ][com.example.demo.DemoApplication] Started DemoApplication in 1.248 seconds (process running for 1.517)
[20250515 14:22:21:249][INFO ][o.a.c.c.C.[Tomcat].[localhost].[/]] Initializing Spring DispatcherServlet 'dispatcherServlet'
[20250515 14:22:21:250][INFO ][o.s.web.servlet.DispatcherServlet] Initializing Servlet 'dispatcherServlet'
[20250515 14:22:21:251][INFO ][o.s.web.servlet.DispatcherServlet] Completed initialization in 1 ms
[20250515 14:22:31:573][INFO ][com.example.demo.DemoApplication] Starting DemoApplication using Java 17.0.6 with PID 74902 (/Users/sik2/project/likelion/html-java2505/target/classes started by sik2 in /Users/sik2/project/likelion/html-java2505)
[20250515 14:22:31:574][INFO ][com.example.demo.DemoApplication] No active profile set, falling back to 1 default profile: "default"
[20250515 14:22:31:602][INFO ][o.s.b.d.e.DevToolsPropertyDefaultsPostProcessor] Devtools property defaults active! Set 'spring.devtools.add-properties' to 'false' to disable
[20250515 14:22:31:602][INFO ][o.s.b.d.e.DevToolsPropertyDefaultsPostProcessor] For additional web related logging consider setting the 'logging.level.web' property to 'DEBUG'
[20250515 14:22:32:143][INFO ][o.s.b.w.embedded.tomcat.TomcatWebServer] Tomcat initialized with port 4242 (http)
[20250515 14:22:32:153][INFO ][o.apache.coyote.http11.Http11NioProtocol] Initializing ProtocolHandler ["http-nio-4242"]
[20250515 14:22:32:154][INFO ][o.apache.catalina.core.StandardService] Starting service [Tomcat]
[20250515 14:22:32:154][INFO ][org.apache.catalina.core.StandardEngine] Starting Servlet engine: [Apache Tomcat/10.1.16]
[20250515 14:22:32:186][INFO ][o.a.c.c.C.[Tomcat].[localhost].[/]] Initializing Spring embedded WebApplicationContext
[20250515 14:22:32:187][INFO ][o.s.b.w.s.c.ServletWebServerApplicationContext] Root WebApplicationContext: initialization completed in 584 ms
[20250515 14:22:32:504][WARN ][o.s.b.d.a.OptionalLiveReloadServer] Unable to start LiveReload server
[20250515 14:22:32:514][INFO ][o.apache.coyote.http11.Http11NioProtocol] Starting ProtocolHandler ["http-nio-4242"]
[20250515 14:22:32:528][INFO ][o.s.b.w.embedded.tomcat.TomcatWebServer] Tomcat started on port 4242 (http) with context path ''
[20250515 14:22:32:535][INFO ][com.example.demo.DemoApplication] Started DemoApplication in 1.527 seconds (process running for 1.775)
[20250515 14:22:44:738][INFO ][o.a.c.c.C.[Tomcat].[localhost].[/]] Initializing Spring DispatcherServlet 'dispatcherServlet'
[20250515 14:22:44:739][INFO ][o.s.web.servlet.DispatcherServlet] Initializing Servlet 'dispatcherServlet'
[20250515 14:22:44:740][INFO ][o.s.web.servlet.DispatcherServlet] Completed initialization in 1 ms
[20250515 14:26:02:003][INFO ][com.example.demo.DemoApplication] Starting DemoApplication using Java 17.0.6 with PID 76557 (/Users/sik2/project/likelion/html-java2505/target/classes started by sik2 in /Users/sik2/project/likelion/html-java2505)
[20250515 14:26:02:004][INFO ][com.example.demo.DemoApplication] No active profile set, falling back to 1 default profile: "default"
[20250515 14:26:02:066][INFO ][o.s.b.d.e.DevToolsPropertyDefaultsPostProcessor] Devtools property defaults active! Set 'spring.devtools.add-properties' to 'false' to disable
[20250515 14:26:02:066][INFO ][o.s.b.d.e.DevToolsPropertyDefaultsPostProcessor] For additional web related logging consider setting the 'logging.level.web' property to 'DEBUG'
[20250515 14:26:02:679][INFO ][o.s.b.w.embedded.tomcat.TomcatWebServer] Tomcat initialized with port 4242 (http)
[20250515 14:26:02:684][INFO ][o.apache.coyote.http11.Http11NioProtocol] Initializing ProtocolHandler ["http-nio-4242"]
[20250515 14:26:02:686][INFO ][o.apache.catalina.core.StandardService] Starting service [Tomcat]
[20250515 14:26:02:686][INFO ][org.apache.catalina.core.StandardEngine] Starting Servlet engine: [Apache Tomcat/10.1.16]
[20250515 14:26:02:711][INFO ][o.a.c.c.C.[Tomcat].[localhost].[/]] Initializing Spring embedded WebApplicationContext
[20250515 14:26:02:712][INFO ][o.s.b.w.s.c.ServletWebServerApplicationContext] Root WebApplicationContext: initialization completed in 645 ms
[20250515 14:26:02:962][WARN ][o.s.b.d.a.OptionalLiveReloadServer] Unable to start LiveReload server
[20250515 14:26:02:970][INFO ][o.apache.coyote.http11.Http11NioProtocol] Starting ProtocolHandler ["http-nio-4242"]
[20250515 14:26:02:981][INFO ][o.s.b.w.embedded.tomcat.TomcatWebServer] Tomcat started on port 4242 (http) with context path ''
[20250515 14:26:02:986][INFO ][com.example.demo.DemoApplication] Started DemoApplication in 1.267 seconds (process running for 1.527)
[20250515 14:26:09:520][INFO ][o.a.c.c.C.[Tomcat].[localhost].[/]] Initializing Spring DispatcherServlet 'dispatcherServlet'
[20250515 14:26:09:521][INFO ][o.s.web.servlet.DispatcherServlet] Initializing Servlet 'dispatcherServlet'
[20250515 14:26:09:521][INFO ][o.s.web.servlet.DispatcherServlet] Completed initialization in 0 ms
[20250515 14:27:33:550][INFO ][com.example.demo.DemoApplication] Starting DemoApplication using Java 17.0.6 with PID 77280 (/Users/sik2/project/likelion/html-java2505/target/classes started by sik2 in /Users/sik2/project/likelion/html-java2505)
[20250515 14:27:33:552][INFO ][com.example.demo.DemoApplication] No active profile set, falling back to 1 default profile: "default"
[20250515 14:27:33:588][INFO ][o.s.b.d.e.DevToolsPropertyDefaultsPostProcessor] Devtools property defaults active! Set 'spring.devtools.add-properties' to 'false' to disable
[20250515 14:27:33:588][INFO ][o.s.b.d.e.DevToolsPropertyDefaultsPostProcessor] For additional web related logging consider setting the 'logging.level.web' property to 'DEBUG'
[20250515 14:27:34:231][INFO ][o.s.b.w.embedded.tomcat.TomcatWebServer] Tomcat initialized with port 4242 (http)
[20250515 14:27:34:235][INFO ][o.apache.coyote.http11.Http11NioProtocol] Initializing ProtocolHandler ["http-nio-4242"]
[20250515 14:27:34:237][INFO ][o.apache.catalina.core.StandardService] Starting service [Tomcat]
[20250515 14:27:34:237][INFO ][org.apache.catalina.core.StandardEngine] Starting Servlet engine: [Apache Tomcat/10.1.16]
[20250515 14:27:34:259][INFO ][o.a.c.c.C.[Tomcat].[localhost].[/]] Initializing Spring embedded WebApplicationContext
[20250515 14:27:34:259][INFO ][o.s.b.w.s.c.ServletWebServerApplicationContext] Root WebApplicationContext: initialization completed in 671 ms
[20250515 14:27:34:464][WARN ][o.s.b.d.a.OptionalLiveReloadServer] Unable to start LiveReload server
[20250515 14:27:34:474][INFO ][o.apache.coyote.http11.Http11NioProtocol] Starting ProtocolHandler ["http-nio-4242"]
[20250515 14:27:34:493][INFO ][o.s.b.w.embedded.tomcat.TomcatWebServer] Tomcat started on port 4242 (http) with context path ''
[20250515 14:27:34:501][INFO ][com.example.demo.DemoApplication] Started DemoApplication in 1.279 seconds (process running for 1.542)
[20250515 14:27:55:659][INFO ][o.a.c.c.C.[Tomcat].[localhost].[/]] Initializing Spring DispatcherServlet 'dispatcherServlet'
[20250515 14:27:55:659][INFO ][o.s.web.servlet.DispatcherServlet] Initializing Servlet 'dispatcherServlet'
[20250515 14:27:55:661][INFO ][o.s.web.servlet.DispatcherServlet] Completed initialization in 2 ms
[20250515 14:29:18:942][INFO ][com.example.demo.DemoApplication] Starting DemoApplication using Java 17.0.6 with PID 78116 (/Users/sik2/project/likelion/html-java2505/target/classes started by sik2 in /Users/sik2/project/likelion/html-java2505)
[20250515 14:29:18:944][INFO ][com.example.demo.DemoApplication] No active profile set, falling back to 1 default profile: "default"
[20250515 14:29:18:981][INFO ][o.s.b.d.e.DevToolsPropertyDefaultsPostProcessor] Devtools property defaults active! Set 'spring.devtools.add-properties' to 'false' to disable
[20250515 14:29:18:982][INFO ][o.s.b.d.e.DevToolsPropertyDefaultsPostProcessor] For additional web related logging consider setting the 'logging.level.web' property to 'DEBUG'
[20250515 14:29:19:521][INFO ][o.s.b.w.embedded.tomcat.TomcatWebServer] Tomcat initialized with port 4242 (http)
[20250515 14:29:19:527][INFO ][o.apache.coyote.http11.Http11NioProtocol] Initializing ProtocolHandler ["http-nio-4242"]
[20250515 14:29:19:528][INFO ][o.apache.catalina.core.StandardService] Starting service [Tomcat]
[20250515 14:29:19:528][INFO ][org.apache.catalina.core.StandardEngine] Starting Servlet engine: [Apache Tomcat/10.1.16]
[20250515 14:29:19:558][INFO ][o.a.c.c.C.[Tomcat].[localhost].[/]] Initializing Spring embedded WebApplicationContext
[20250515 14:29:19:558][INFO ][o.s.b.w.s.c.ServletWebServerApplicationContext] Root WebApplicationContext: initialization completed in 576 ms
[20250515 14:29:19:790][WARN ][o.s.b.d.a.OptionalLiveReloadServer] Unable to start LiveReload server
[20250515 14:29:19:800][INFO ][o.apache.coyote.http11.Http11NioProtocol] Starting ProtocolHandler ["http-nio-4242"]
[20250515 14:29:19:811][INFO ][o.s.b.w.embedded.tomcat.TomcatWebServer] Tomcat started on port 4242 (http) with context path ''
[20250515 14:29:19:816][INFO ][com.example.demo.DemoApplication] Started DemoApplication in 1.161 seconds (process running for 1.4)
[20250515 14:29:37:580][INFO ][o.a.c.c.C.[Tomcat].[localhost].[/]] Initializing Spring DispatcherServlet 'dispatcherServlet'
[20250515 14:29:37:581][INFO ][o.s.web.servlet.DispatcherServlet] Initializing Servlet 'dispatcherServlet'
[20250515 14:29:37:583][INFO ][o.s.web.servlet.DispatcherServlet] Completed initialization in 2 ms
[20250515 14:32:30:166][INFO ][com.example.demo.DemoApplication] Starting DemoApplication using Java 17.0.6 with PID 79674 (/Users/sik2/project/likelion/html-java2505/target/classes started by sik2 in /Users/sik2/project/likelion/html-java2505)
[20250515 14:32:30:168][INFO ][com.example.demo.DemoApplication] No active profile set, falling back to 1 default profile: "default"
[20250515 14:32:30:213][INFO ][o.s.b.d.e.DevToolsPropertyDefaultsPostProcessor] Devtools property defaults active! Set 'spring.devtools.add-properties' to 'false' to disable
[20250515 14:32:30:214][INFO ][o.s.b.d.e.DevToolsPropertyDefaultsPostProcessor] For additional web related logging consider setting the 'logging.level.web' property to 'DEBUG'
[20250515 14:32:30:839][INFO ][o.s.b.w.embedded.tomcat.TomcatWebServer] Tomcat initialized with port 4242 (http)
[20250515 14:32:30:845][INFO ][o.apache.coyote.http11.Http11NioProtocol] Initializing ProtocolHandler ["http-nio-4242"]
[20250515 14:32:30:846][INFO ][o.apache.catalina.core.StandardService] Starting service [Tomcat]
[20250515 14:32:30:847][INFO ][org.apache.catalina.core.StandardEngine] Starting Servlet engine: [Apache Tomcat/10.1.16]
[20250515 14:32:30:872][INFO ][o.a.c.c.C.[Tomcat].[localhost].[/]] Initializing Spring embedded WebApplicationContext
[20250515 14:32:30:873][INFO ][o.s.b.w.s.c.ServletWebServerApplicationContext] Root WebApplicationContext: initialization completed in 659 ms
[20250515 14:32:31:094][WARN ][o.s.b.d.a.OptionalLiveReloadServer] Unable to start LiveReload server
[20250515 14:32:31:103][INFO ][o.apache.coyote.http11.Http11NioProtocol] Starting ProtocolHandler ["http-nio-4242"]
[20250515 14:32:31:120][INFO ][o.s.b.w.embedded.tomcat.TomcatWebServer] Tomcat started on port 4242 (http) with context path ''
[20250515 14:32:31:127][INFO ][com.example.demo.DemoApplication] Started DemoApplication in 1.238 seconds (process running for 1.461)
[20250515 14:32:54:241][INFO ][com.example.demo.DemoApplication] Starting DemoApplication using Java 17.0.6 with PID 79859 (/Users/sik2/project/likelion/html-java2505/target/classes started by sik2 in /Users/sik2/project/likelion/html-java2505)
[20250515 14:32:54:242][INFO ][com.example.demo.DemoApplication] No active profile set, falling back to 1 default profile: "default"
[20250515 14:32:54:292][INFO ][o.s.b.d.e.DevToolsPropertyDefaultsPostProcessor] Devtools property defaults active! Set 'spring.devtools.add-properties' to 'false' to disable
[20250515 14:32:54:292][INFO ][o.s.b.d.e.DevToolsPropertyDefaultsPostProcessor] For additional web related logging consider setting the 'logging.level.web' property to 'DEBUG'
[20250515 14:32:54:917][INFO ][o.s.b.w.embedded.tomcat.TomcatWebServer] Tomcat initialized with port 4242 (http)
[20250515 14:32:54:923][INFO ][o.apache.coyote.http11.Http11NioProtocol] Initializing ProtocolHandler ["http-nio-4242"]
[20250515 14:32:54:925][INFO ][o.apache.catalina.core.StandardService] Starting service [Tomcat]
[20250515 14:32:54:925][INFO ][org.apache.catalina.core.StandardEngine] Starting Servlet engine: [Apache Tomcat/10.1.16]
[20250515 14:32:54:959][INFO ][o.a.c.c.C.[Tomcat].[localhost].[/]] Initializing Spring embedded WebApplicationContext
[20250515 14:32:54:959][INFO ][o.s.b.w.s.c.ServletWebServerApplicationContext] Root WebApplicationContext: initialization completed in 667 ms
[20250515 14:32:55:211][WARN ][o.s.b.d.a.OptionalLiveReloadServer] Unable to start LiveReload server
[20250515 14:32:55:221][INFO ][o.apache.coyote.http11.Http11NioProtocol] Starting ProtocolHandler ["http-nio-4242"]
[20250515 14:32:55:233][INFO ][o.s.b.w.embedded.tomcat.TomcatWebServer] Tomcat started on port 4242 (http) with context path ''
[20250515 14:32:55:240][INFO ][com.example.demo.DemoApplication] Started DemoApplication in 1.264 seconds (process running for 1.502)
[20250515 14:33:03:668][INFO ][o.a.c.c.C.[Tomcat].[localhost].[/]] Initializing Spring DispatcherServlet 'dispatcherServlet'
[20250515 14:33:03:669][INFO ][o.s.web.servlet.DispatcherServlet] Initializing Servlet 'dispatcherServlet'
[20250515 14:33:03:670][INFO ][o.s.web.servlet.DispatcherServlet] Completed initialization in 0 ms
[20250515 14:33:21:863][INFO ][com.example.demo.DemoApplication] Starting DemoApplication using Java 17.0.6 with PID 80078 (/Users/sik2/project/likelion/html-java2505/target/classes started by sik2 in /Users/sik2/project/likelion/html-java2505)
[20250515 14:33:21:864][INFO ][com.example.demo.DemoApplication] No active profile set, falling back to 1 default profile: "default"
[20250515 14:33:21:917][INFO ][o.s.b.d.e.DevToolsPropertyDefaultsPostProcessor] Devtools property defaults active! Set 'spring.devtools.add-properties' to 'false' to disable
[20250515 14:33:21:917][INFO ][o.s.b.d.e.DevToolsPropertyDefaultsPostProcessor] For additional web related logging consider setting the 'logging.level.web' property to 'DEBUG'
[20250515 14:33:22:482][INFO ][o.s.b.w.embedded.tomcat.TomcatWebServer] Tomcat initialized with port 4242 (http)
[20250515 14:33:22:487][INFO ][o.apache.coyote.http11.Http11NioProtocol] Initializing ProtocolHandler ["http-nio-4242"]
[20250515 14:33:22:488][INFO ][o.apache.catalina.core.StandardService] Starting service [Tomcat]
[20250515 14:33:22:488][INFO ][org.apache.catalina.core.StandardEngine] Starting Servlet engine: [Apache Tomcat/10.1.16]
[20250515 14:33:22:512][INFO ][o.a.c.c.C.[Tomcat].[localhost].[/]] Initializing Spring embedded WebApplicationContext
[20250515 14:33:22:512][INFO ][o.s.b.w.s.c.ServletWebServerApplicationContext] Root WebApplicationContext: initialization completed in 595 ms
[20250515 14:33:22:699][WARN ][o.s.b.d.a.OptionalLiveReloadServer] Unable to start LiveReload server
[20250515 14:33:22:708][INFO ][o.apache.coyote.http11.Http11NioProtocol] Starting ProtocolHandler ["http-nio-4242"]
[20250515 14:33:22:721][INFO ][o.s.b.w.embedded.tomcat.TomcatWebServer] Tomcat started on port 4242 (http) with context path ''
[20250515 14:33:22:728][INFO ][com.example.demo.DemoApplication] Started DemoApplication in 1.215 seconds (process running for 1.498)
[20250515 14:33:26:550][INFO ][o.a.c.c.C.[Tomcat].[localhost].[/]] Initializing Spring DispatcherServlet 'dispatcherServlet'
[20250515 14:33:26:550][INFO ][o.s.web.servlet.DispatcherServlet] Initializing Servlet 'dispatcherServlet'
[20250515 14:33:26:551][INFO ][o.s.web.servlet.DispatcherServlet] Completed initialization in 1 ms
[20250515 14:33:45:517][INFO ][com.example.demo.DemoApplication] Starting DemoApplication using Java 17.0.6 with PID 80270 (/Users/sik2/project/likelion/html-java2505/target/classes started by sik2 in /Users/sik2/project/likelion/html-java2505)
[20250515 14:33:45:519][INFO ][com.example.demo.DemoApplication] No active profile set, falling back to 1 default profile: "default"
[20250515 14:33:45:546][INFO ][o.s.b.d.e.DevToolsPropertyDefaultsPostProcessor] Devtools property defaults active! Set 'spring.devtools.add-properties' to 'false' to disable
[20250515 14:33:45:547][INFO ][o.s.b.d.e.DevToolsPropertyDefaultsPostProcessor] For additional web related logging consider setting the 'logging.level.web' property to 'DEBUG'
[20250515 14:33:46:057][INFO ][o.s.b.w.embedded.tomcat.TomcatWebServer] Tomcat initialized with port 4242 (http)
[20250515 14:33:46:061][INFO ][o.apache.coyote.http11.Http11NioProtocol] Initializing ProtocolHandler ["http-nio-4242"]
[20250515 14:33:46:063][INFO ][o.apache.catalina.core.StandardService] Starting service [Tomcat]
[20250515 14:33:46:063][INFO ][org.apache.catalina.core.StandardEngine] Starting Servlet engine: [Apache Tomcat/10.1.16]
[20250515 14:33:46:088][INFO ][o.a.c.c.C.[Tomcat].[localhost].[/]] Initializing Spring embedded WebApplicationContext
[20250515 14:33:46:088][INFO ][o.s.b.w.s.c.ServletWebServerApplicationContext] Root WebApplicationContext: initialization completed in 541 ms
[20250515 14:33:46:301][WARN ][o.s.b.d.a.OptionalLiveReloadServer] Unable to start LiveReload server
[20250515 14:33:46:308][INFO ][o.apache.coyote.http11.Http11NioProtocol] Starting ProtocolHandler ["http-nio-4242"]
[20250515 14:33:46:321][INFO ][o.s.b.w.embedded.tomcat.TomcatWebServer] Tomcat started on port 4242 (http) with context path ''
[20250515 14:33:46:327][INFO ][com.example.demo.DemoApplication] Started DemoApplication in 1.098 seconds (process running for 1.332)
[20250515 14:33:49:621][INFO ][o.a.c.c.C.[Tomcat].[localhost].[/]] Initializing Spring DispatcherServlet 'dispatcherServlet'
[20250515 14:33:49:622][INFO ][o.s.web.servlet.DispatcherServlet] Initializing Servlet 'dispatcherServlet'
[20250515 14:33:49:622][INFO ][o.s.web.servlet.DispatcherServlet] Completed initialization in 0 ms
[20250515 14:33:54:734][INFO ][com.example.demo.DemoApplication] Starting DemoApplication using Java 17.0.6 with PID 80337 (/Users/sik2/project/likelion/html-java2505/target/classes started by sik2 in /Users/sik2/project/likelion/html-java2505)
[20250515 14:33:54:735][INFO ][com.example.demo.DemoApplication] No active profile set, falling back to 1 default profile: "default"
[20250515 14:33:54:771][INFO ][o.s.b.d.e.DevToolsPropertyDefaultsPostProcessor] Devtools property defaults active! Set 'spring.devtools.add-properties' to 'false' to disable
[20250515 14:33:54:771][INFO ][o.s.b.d.e.DevToolsPropertyDefaultsPostProcessor] For additional web related logging consider setting the 'logging.level.web' property to 'DEBUG'
[20250515 14:33:55:467][INFO ][o.s.b.w.embedded.tomcat.TomcatWebServer] Tomcat initialized with port 4242 (http)
[20250515 14:33:55:472][INFO ][o.apache.coyote.http11.Http11NioProtocol] Initializing ProtocolHandler ["http-nio-4242"]
[20250515 14:33:55:473][INFO ][o.apache.catalina.core.StandardService] Starting service [Tomcat]
[20250515 14:33:55:474][INFO ][org.apache.catalina.core.StandardEngine] Starting Servlet engine: [Apache Tomcat/10.1.16]
[20250515 14:33:55:497][INFO ][o.a.c.c.C.[Tomcat].[localhost].[/]] Initializing Spring embedded WebApplicationContext
[20250515 14:33:55:497][INFO ][o.s.b.w.s.c.ServletWebServerApplicationContext] Root WebApplicationContext: initialization completed in 725 ms
[20250515 14:33:55:678][WARN ][o.s.b.d.a.OptionalLiveReloadServer] Unable to start LiveReload server
[20250515 14:33:55:688][INFO ][o.apache.coyote.http11.Http11NioProtocol] Starting ProtocolHandler ["http-nio-4242"]
[20250515 14:33:55:702][INFO ][o.s.b.w.embedded.tomcat.TomcatWebServer] Tomcat started on port 4242 (http) with context path ''
[20250515 14:33:55:708][INFO ][com.example.demo.DemoApplication] Started DemoApplication in 1.287 seconds (process running for 1.558)
[20250515 14:34:05:793][INFO ][o.a.c.c.C.[Tomcat].[localhost].[/]] Initializing Spring DispatcherServlet 'dispatcherServlet'
[20250515 14:34:05:794][INFO ][o.s.web.servlet.DispatcherServlet] Initializing Servlet 'dispatcherServlet'
[20250515 14:34:05:795][INFO ][o.s.web.servlet.DispatcherServlet] Completed initialization in 0 ms
[20250515 14:35:41:593][INFO ][com.example.demo.DemoApplication] Starting DemoApplication using Java 17.0.6 with PID 81211 (/Users/sik2/project/likelion/html-java2505/target/classes started by sik2 in /Users/sik2/project/likelion/html-java2505)
[20250515 14:35:41:595][INFO ][com.example.demo.DemoApplication] No active profile set, falling back to 1 default profile: "default"
[20250515 14:35:41:630][INFO ][o.s.b.d.e.DevToolsPropertyDefaultsPostProcessor] Devtools property defaults active! Set 'spring.devtools.add-properties' to 'false' to disable
[20250515 14:35:41:630][INFO ][o.s.b.d.e.DevToolsPropertyDefaultsPostProcessor] For additional web related logging consider setting the 'logging.level.web' property to 'DEBUG'
[20250515 14:35:42:222][INFO ][o.s.b.w.embedded.tomcat.TomcatWebServer] Tomcat initialized with port 4242 (http)
[20250515 14:35:42:228][INFO ][o.apache.coyote.http11.Http11NioProtocol] Initializing ProtocolHandler ["http-nio-4242"]
[20250515 14:35:42:229][INFO ][o.apache.catalina.core.StandardService] Starting service [Tomcat]
[20250515 14:35:42:230][INFO ][org.apache.catalina.core.StandardEngine] Starting Servlet engine: [Apache Tomcat/10.1.16]
[20250515 14:35:42:254][INFO ][o.a.c.c.C.[Tomcat].[localhost].[/]] Initializing Spring embedded WebApplicationContext
[20250515 14:35:42:255][INFO ][o.s.b.w.s.c.ServletWebServerApplicationContext] Root WebApplicationContext: initialization completed in 624 ms
[20250515 14:35:42:475][WARN ][o.s.b.d.a.OptionalLiveReloadServer] Unable to start LiveReload server
[20250515 14:35:42:493][INFO ][o.apache.coyote.http11.Http11NioProtocol] Starting ProtocolHandler ["http-nio-4242"]
[20250515 14:35:42:510][INFO ][o.s.b.w.embedded.tomcat.TomcatWebServer] Tomcat started on port 4242 (http) with context path ''
[20250515 14:35:42:519][INFO ][com.example.demo.DemoApplication] Started DemoApplication in 1.219 seconds (process running for 1.512)
[20250515 14:36:05:091][INFO ][com.example.demo.DemoApplication] Starting DemoApplication using Java 17.0.6 with PID 81396 (/Users/sik2/project/likelion/html-java2505/target/classes started by sik2 in /Users/sik2/project/likelion/html-java2505)
[20250515 14:36:05:092][INFO ][com.example.demo.DemoApplication] No active profile set, falling back to 1 default profile: "default"
[20250515 14:36:05:129][INFO ][o.s.b.d.e.DevToolsPropertyDefaultsPostProcessor] Devtools property defaults active! Set 'spring.devtools.add-properties' to 'false' to disable
[20250515 14:36:05:129][INFO ][o.s.b.d.e.DevToolsPropertyDefaultsPostProcessor] For additional web related logging consider setting the 'logging.level.web' property to 'DEBUG'
[20250515 14:36:05:697][INFO ][o.s.b.w.embedded.tomcat.TomcatWebServer] Tomcat initialized with port 4242 (http)
[20250515 14:36:05:703][INFO ][o.apache.coyote.http11.Http11NioProtocol] Initializing ProtocolHandler ["http-nio-4242"]
[20250515 14:36:05:705][INFO ][o.apache.catalina.core.StandardService] Starting service [Tomcat]
[20250515 14:36:05:706][INFO ][org.apache.catalina.core.StandardEngine] Starting Servlet engine: [Apache Tomcat/10.1.16]
[20250515 14:36:05:741][INFO ][o.a.c.c.C.[Tomcat].[localhost].[/]] Initializing Spring embedded WebApplicationContext
[20250515 14:36:05:741][INFO ][o.s.b.w.s.c.ServletWebServerApplicationContext] Root WebApplicationContext: initialization completed in 612 ms
[20250515 14:36:05:971][WARN ][o.s.b.d.a.OptionalLiveReloadServer] Unable to start LiveReload server
[20250515 14:36:05:978][INFO ][o.apache.coyote.http11.Http11NioProtocol] Starting ProtocolHandler ["http-nio-4242"]
[20250515 14:36:05:992][INFO ][o.s.b.w.embedded.tomcat.TomcatWebServer] Tomcat started on port 4242 (http) with context path ''
[20250515 14:36:06:000][INFO ][com.example.demo.DemoApplication] Started DemoApplication in 1.314 seconds (process running for 1.557)
[20250515 14:36:18:045][INFO ][o.a.c.c.C.[Tomcat].[localhost].[/]] Initializing Spring DispatcherServlet 'dispatcherServlet'
[20250515 14:36:18:045][INFO ][o.s.web.servlet.DispatcherServlet] Initializing Servlet 'dispatcherServlet'
[20250515 14:36:18:046][INFO ][o.s.web.servlet.DispatcherServlet] Completed initialization in 0 ms
[20250515 15:46:16:433][INFO ][com.example.demo.DemoApplication] Starting DemoApplication using Java 17.0.6 with PID 15684 (/Users/sik2/project/likelion/html-java2505/target/classes started by sik2 in /Users/sik2/project/likelion/html-java2505)
[20250515 15:46:16:434][INFO ][com.example.demo.DemoApplication] No active profile set, falling back to 1 default profile: "default"
[20250515 15:46:16:459][INFO ][o.s.b.d.e.DevToolsPropertyDefaultsPostProcessor] Devtools property defaults active! Set 'spring.devtools.add-properties' to 'false' to disable
[20250515 15:46:16:459][INFO ][o.s.b.d.e.DevToolsPropertyDefaultsPostProcessor] For additional web related logging consider setting the 'logging.level.web' property to 'DEBUG'
[20250515 15:46:16:983][INFO ][o.s.b.w.embedded.tomcat.TomcatWebServer] Tomcat initialized with port 4242 (http)
[20250515 15:46:16:988][INFO ][o.apache.coyote.http11.Http11NioProtocol] Initializing ProtocolHandler ["http-nio-4242"]
[20250515 15:46:16:990][INFO ][o.apache.catalina.core.StandardService] Starting service [Tomcat]
[20250515 15:46:16:990][INFO ][org.apache.catalina.core.StandardEngine] Starting Servlet engine: [Apache Tomcat/10.1.16]
[20250515 15:46:17:013][INFO ][o.a.c.c.C.[Tomcat].[localhost].[/]] Initializing Spring embedded WebApplicationContext
[20250515 15:46:17:013][INFO ][o.s.b.w.s.c.ServletWebServerApplicationContext] Root WebApplicationContext: initialization completed in 554 ms
[20250515 15:46:17:042][WARN ][o.s.b.w.s.c.AnnotationConfigServletWebServerApplicationContext] Exception encountered during context initialization - cancelling refresh attempt: org.springframework.beans.factory.BeanCreationException: Error creating bean with name 'widgetController': Injection of autowired dependencies failed
[20250515 15:46:17:044][INFO ][o.apache.catalina.core.StandardService] Stopping service [Tomcat]
[20250515 15:46:17:057][INFO ][o.s.b.a.l.ConditionEvaluationReportLogger] 

Error starting ApplicationContext. To display the condition evaluation report re-run your application with 'debug' enabled.
[20250515 15:46:17:067][ERROR][o.springframework.boot.SpringApplication] Application run failed
org.springframework.beans.factory.BeanCreationException: Error creating bean with name 'widgetController': Injection of autowired dependencies failed
	at org.springframework.beans.factory.annotation.AutowiredAnnotationBeanPostProcessor.postProcessProperties(AutowiredAnnotationBeanPostProcessor.java:499)
	at org.springframework.beans.factory.support.AbstractAutowireCapableBeanFactory.populateBean(AbstractAutowireCapableBeanFactory.java:1420)
	at org.springframework.beans.factory.support.AbstractAutowireCapableBeanFactory.doCreateBean(AbstractAutowireCapableBeanFactory.java:600)
	at org.springframework.beans.factory.support.AbstractAutowireCapableBeanFactory.createBean(AbstractAutowireCapableBeanFactory.java:523)
	at org.springframework.beans.factory.support.AbstractBeanFactory.lambda$doGetBean$0(AbstractBeanFactory.java:325)
	at org.springframework.beans.factory.support.DefaultSingletonBeanRegistry.getSingleton(DefaultSingletonBeanRegistry.java:234)
	at org.springframework.beans.factory.support.AbstractBeanFactory.doGetBean(AbstractBeanFactory.java:323)
	at org.springframework.beans.factory.support.AbstractBeanFactory.getBean(AbstractBeanFactory.java:199)
	at org.springframework.beans.factory.support.DefaultListableBeanFactory.preInstantiateSingletons(DefaultListableBeanFactory.java:973)
	at org.springframework.context.support.AbstractApplicationContext.finishBeanFactoryInitialization(AbstractApplicationContext.java:946)
	at org.springframework.context.support.AbstractApplicationContext.refresh(AbstractApplicationContext.java:616)
	at org.springframework.boot.web.servlet.context.ServletWebServerApplicationContext.refresh(ServletWebServerApplicationContext.java:146)
	at org.springframework.boot.SpringApplication.refresh(SpringApplication.java:753)
	at org.springframework.boot.SpringApplication.refreshContext(SpringApplication.java:455)
	at org.springframework.boot.SpringApplication.run(SpringApplication.java:323)
	at org.springframework.boot.SpringApplication.run(SpringApplication.java:1342)
	at org.springframework.boot.SpringApplication.run(SpringApplication.java:1331)
	at com.example.demo.DemoApplication.main(DemoApplication.java:10)
	at java.base/jdk.internal.reflect.NativeMethodAccessorImpl.invoke0(Native Method)
	at java.base/jdk.internal.reflect.NativeMethodAccessorImpl.invoke(NativeMethodAccessorImpl.java:77)
	at java.base/jdk.internal.reflect.DelegatingMethodAccessorImpl.invoke(DelegatingMethodAccessorImpl.java:43)
	at java.base/java.lang.reflect.Method.invoke(Method.java:568)
	at org.springframework.boot.devtools.restart.RestartLauncher.run(RestartLauncher.java:50)
Caused by: java.lang.IllegalArgumentException: Could not resolve placeholder 'api.ket' in value "{${api.ket}}"
	at org.springframework.util.PropertyPlaceholderHelper.parseStringValue(PropertyPlaceholderHelper.java:180)
	at org.springframework.util.PropertyPlaceholderHelper.replacePlaceholders(PropertyPlaceholderHelper.java:126)
	at org.springframework.core.env.AbstractPropertyResolver.doResolvePlaceholders(AbstractPropertyResolver.java:239)
	at org.springframework.core.env.AbstractPropertyResolver.resolveRequiredPlaceholders(AbstractPropertyResolver.java:210)
	at org.springframework.context.support.PropertySourcesPlaceholderConfigurer.lambda$processProperties$0(PropertySourcesPlaceholderConfigurer.java:200)
	at org.springframework.beans.factory.support.AbstractBeanFactory.resolveEmbeddedValue(AbstractBeanFactory.java:921)
	at org.springframework.beans.factory.support.DefaultListableBeanFactory.doResolveDependency(DefaultListableBeanFactory.java:1372)
	at org.springframework.beans.factory.support.DefaultListableBeanFactory.resolveDependency(DefaultListableBeanFactory.java:1348)
	at org.springframework.beans.factory.annotation.AutowiredAnnotationBeanPostProcessor$AutowiredFieldElement.resolveFieldValue(AutowiredAnnotationBeanPostProcessor.java:769)
	at org.springframework.beans.factory.annotation.AutowiredAnnotationBeanPostProcessor$AutowiredFieldElement.inject(AutowiredAnnotationBeanPostProcessor.java:752)
	at org.springframework.beans.factory.annotation.InjectionMetadata.inject(InjectionMetadata.java:145)
	at org.springframework.beans.factory.annotation.AutowiredAnnotationBeanPostProcessor.postProcessProperties(AutowiredAnnotationBeanPostProcessor.java:493)
	... 22 common frames omitted
[20250515 15:46:51:355][INFO ][com.example.demo.DemoApplication] Starting DemoApplication using Java 17.0.6 with PID 16006 (/Users/sik2/project/likelion/html-java2505/target/classes started by sik2 in /Users/sik2/project/likelion/html-java2505)
[20250515 15:46:51:356][INFO ][com.example.demo.DemoApplication] No active profile set, falling back to 1 default profile: "default"
[20250515 15:46:51:386][INFO ][o.s.b.d.e.DevToolsPropertyDefaultsPostProcessor] Devtools property defaults active! Set 'spring.devtools.add-properties' to 'false' to disable
[20250515 15:46:51:386][INFO ][o.s.b.d.e.DevToolsPropertyDefaultsPostProcessor] For additional web related logging consider setting the 'logging.level.web' property to 'DEBUG'
[20250515 15:46:51:903][INFO ][o.s.b.w.embedded.tomcat.TomcatWebServer] Tomcat initialized with port 4242 (http)
[20250515 15:46:51:908][INFO ][o.apache.coyote.http11.Http11NioProtocol] Initializing ProtocolHandler ["http-nio-4242"]
[20250515 15:46:51:910][INFO ][o.apache.catalina.core.StandardService] Starting service [Tomcat]
[20250515 15:46:51:910][INFO ][org.apache.catalina.core.StandardEngine] Starting Servlet engine: [Apache Tomcat/10.1.16]
[20250515 15:46:51:932][INFO ][o.a.c.c.C.[Tomcat].[localhost].[/]] Initializing Spring embedded WebApplicationContext
[20250515 15:46:51:933][INFO ][o.s.b.w.s.c.ServletWebServerApplicationContext] Root WebApplicationContext: initialization completed in 547 ms
[20250515 15:46:51:962][WARN ][o.s.b.w.s.c.AnnotationConfigServletWebServerApplicationContext] Exception encountered during context initialization - cancelling refresh attempt: org.springframework.beans.factory.BeanCreationException: Error creating bean with name 'widgetController': Injection of autowired dependencies failed
[20250515 15:46:51:963][INFO ][o.apache.catalina.core.StandardService] Stopping service [Tomcat]
[20250515 15:46:51:974][INFO ][o.s.b.a.l.ConditionEvaluationReportLogger] 

Error starting ApplicationContext. To display the condition evaluation report re-run your application with 'debug' enabled.
[20250515 15:46:51:984][ERROR][o.springframework.boot.SpringApplication] Application run failed
org.springframework.beans.factory.BeanCreationException: Error creating bean with name 'widgetController': Injection of autowired dependencies failed
	at org.springframework.beans.factory.annotation.AutowiredAnnotationBeanPostProcessor.postProcessProperties(AutowiredAnnotationBeanPostProcessor.java:499)
	at org.springframework.beans.factory.support.AbstractAutowireCapableBeanFactory.populateBean(AbstractAutowireCapableBeanFactory.java:1420)
	at org.springframework.beans.factory.support.AbstractAutowireCapableBeanFactory.doCreateBean(AbstractAutowireCapableBeanFactory.java:600)
	at org.springframework.beans.factory.support.AbstractAutowireCapableBeanFactory.createBean(AbstractAutowireCapableBeanFactory.java:523)
	at org.springframework.beans.factory.support.AbstractBeanFactory.lambda$doGetBean$0(AbstractBeanFactory.java:325)
	at org.springframework.beans.factory.support.DefaultSingletonBeanRegistry.getSingleton(DefaultSingletonBeanRegistry.java:234)
	at org.springframework.beans.factory.support.AbstractBeanFactory.doGetBean(AbstractBeanFactory.java:323)
	at org.springframework.beans.factory.support.AbstractBeanFactory.getBean(AbstractBeanFactory.java:199)
	at org.springframework.beans.factory.support.DefaultListableBeanFactory.preInstantiateSingletons(DefaultListableBeanFactory.java:973)
	at org.springframework.context.support.AbstractApplicationContext.finishBeanFactoryInitialization(AbstractApplicationContext.java:946)
	at org.springframework.context.support.AbstractApplicationContext.refresh(AbstractApplicationContext.java:616)
	at org.springframework.boot.web.servlet.context.ServletWebServerApplicationContext.refresh(ServletWebServerApplicationContext.java:146)
	at org.springframework.boot.SpringApplication.refresh(SpringApplication.java:753)
	at org.springframework.boot.SpringApplication.refreshContext(SpringApplication.java:455)
	at org.springframework.boot.SpringApplication.run(SpringApplication.java:323)
	at org.springframework.boot.SpringApplication.run(SpringApplication.java:1342)
	at org.springframework.boot.SpringApplication.run(SpringApplication.java:1331)
	at com.example.demo.DemoApplication.main(DemoApplication.java:10)
	at java.base/jdk.internal.reflect.NativeMethodAccessorImpl.invoke0(Native Method)
	at java.base/jdk.internal.reflect.NativeMethodAccessorImpl.invoke(NativeMethodAccessorImpl.java:77)
	at java.base/jdk.internal.reflect.DelegatingMethodAccessorImpl.invoke(DelegatingMethodAccessorImpl.java:43)
	at java.base/java.lang.reflect.Method.invoke(Method.java:568)
	at org.springframework.boot.devtools.restart.RestartLauncher.run(RestartLauncher.java:50)
Caused by: java.lang.IllegalArgumentException: Could not resolve placeholder 'api.ket' in value "{${api.ket}}"
	at org.springframework.util.PropertyPlaceholderHelper.parseStringValue(PropertyPlaceholderHelper.java:180)
	at org.springframework.util.PropertyPlaceholderHelper.replacePlaceholders(PropertyPlaceholderHelper.java:126)
	at org.springframework.core.env.AbstractPropertyResolver.doResolvePlaceholders(AbstractPropertyResolver.java:239)
	at org.springframework.core.env.AbstractPropertyResolver.resolveRequiredPlaceholders(AbstractPropertyResolver.java:210)
	at org.springframework.context.support.PropertySourcesPlaceholderConfigurer.lambda$processProperties$0(PropertySourcesPlaceholderConfigurer.java:200)
	at org.springframework.beans.factory.support.AbstractBeanFactory.resolveEmbeddedValue(AbstractBeanFactory.java:921)
	at org.springframework.beans.factory.support.DefaultListableBeanFactory.doResolveDependency(DefaultListableBeanFactory.java:1372)
	at org.springframework.beans.factory.support.DefaultListableBeanFactory.resolveDependency(DefaultListableBeanFactory.java:1348)
	at org.springframework.beans.factory.annotation.AutowiredAnnotationBeanPostProcessor$AutowiredFieldElement.resolveFieldValue(AutowiredAnnotationBeanPostProcessor.java:769)
	at org.springframework.beans.factory.annotation.AutowiredAnnotationBeanPostProcessor$AutowiredFieldElement.inject(AutowiredAnnotationBeanPostProcessor.java:752)
	at org.springframework.beans.factory.annotation.InjectionMetadata.inject(InjectionMetadata.java:145)
	at org.springframework.beans.factory.annotation.AutowiredAnnotationBeanPostProcessor.postProcessProperties(AutowiredAnnotationBeanPostProcessor.java:493)
	... 22 common frames omitted
[20250515 15:47:15:220][INFO ][com.example.demo.DemoApplication] Starting DemoApplication using Java 17.0.6 with PID 16225 (/Users/sik2/project/likelion/html-java2505/target/classes started by sik2 in /Users/sik2/project/likelion/html-java2505)
[20250515 15:47:15:222][INFO ][com.example.demo.DemoApplication] No active profile set, falling back to 1 default profile: "default"
[20250515 15:47:15:249][INFO ][o.s.b.d.e.DevToolsPropertyDefaultsPostProcessor] Devtools property defaults active! Set 'spring.devtools.add-properties' to 'false' to disable
[20250515 15:47:15:249][INFO ][o.s.b.d.e.DevToolsPropertyDefaultsPostProcessor] For additional web related logging consider setting the 'logging.level.web' property to 'DEBUG'
[20250515 15:47:15:734][INFO ][o.s.b.w.embedded.tomcat.TomcatWebServer] Tomcat initialized with port 4242 (http)
[20250515 15:47:15:740][INFO ][o.apache.coyote.http11.Http11NioProtocol] Initializing ProtocolHandler ["http-nio-4242"]
[20250515 15:47:15:741][INFO ][o.apache.catalina.core.StandardService] Starting service [Tomcat]
[20250515 15:47:15:741][INFO ][org.apache.catalina.core.StandardEngine] Starting Servlet engine: [Apache Tomcat/10.1.16]
[20250515 15:47:15:763][INFO ][o.a.c.c.C.[Tomcat].[localhost].[/]] Initializing Spring embedded WebApplicationContext
[20250515 15:47:15:763][INFO ][o.s.b.w.s.c.ServletWebServerApplicationContext] Root WebApplicationContext: initialization completed in 514 ms
[20250515 15:47:15:794][WARN ][o.s.b.w.s.c.AnnotationConfigServletWebServerApplicationContext] Exception encountered during context initialization - cancelling refresh attempt: org.springframework.beans.factory.BeanCreationException: Error creating bean with name 'widgetController': Injection of autowired dependencies failed
[20250515 15:47:15:801][INFO ][o.apache.catalina.core.StandardService] Stopping service [Tomcat]
[20250515 15:47:15:808][INFO ][o.s.b.a.l.ConditionEvaluationReportLogger] 

Error starting ApplicationContext. To display the condition evaluation report re-run your application with 'debug' enabled.
[20250515 15:47:15:819][ERROR][o.springframework.boot.SpringApplication] Application run failed
org.springframework.beans.factory.BeanCreationException: Error creating bean with name 'widgetController': Injection of autowired dependencies failed
	at org.springframework.beans.factory.annotation.AutowiredAnnotationBeanPostProcessor.postProcessProperties(AutowiredAnnotationBeanPostProcessor.java:499)
	at org.springframework.beans.factory.support.AbstractAutowireCapableBeanFactory.populateBean(AbstractAutowireCapableBeanFactory.java:1420)
	at org.springframework.beans.factory.support.AbstractAutowireCapableBeanFactory.doCreateBean(AbstractAutowireCapableBeanFactory.java:600)
	at org.springframework.beans.factory.support.AbstractAutowireCapableBeanFactory.createBean(AbstractAutowireCapableBeanFactory.java:523)
	at org.springframework.beans.factory.support.AbstractBeanFactory.lambda$doGetBean$0(AbstractBeanFactory.java:325)
	at org.springframework.beans.factory.support.DefaultSingletonBeanRegistry.getSingleton(DefaultSingletonBeanRegistry.java:234)
	at org.springframework.beans.factory.support.AbstractBeanFactory.doGetBean(AbstractBeanFactory.java:323)
	at org.springframework.beans.factory.support.AbstractBeanFactory.getBean(AbstractBeanFactory.java:199)
	at org.springframework.beans.factory.support.DefaultListableBeanFactory.preInstantiateSingletons(DefaultListableBeanFactory.java:973)
	at org.springframework.context.support.AbstractApplicationContext.finishBeanFactoryInitialization(AbstractApplicationContext.java:946)
	at org.springframework.context.support.AbstractApplicationContext.refresh(AbstractApplicationContext.java:616)
	at org.springframework.boot.web.servlet.context.ServletWebServerApplicationContext.refresh(ServletWebServerApplicationContext.java:146)
	at org.springframework.boot.SpringApplication.refresh(SpringApplication.java:753)
	at org.springframework.boot.SpringApplication.refreshContext(SpringApplication.java:455)
	at org.springframework.boot.SpringApplication.run(SpringApplication.java:323)
	at org.springframework.boot.SpringApplication.run(SpringApplication.java:1342)
	at org.springframework.boot.SpringApplication.run(SpringApplication.java:1331)
	at com.example.demo.DemoApplication.main(DemoApplication.java:10)
	at java.base/jdk.internal.reflect.NativeMethodAccessorImpl.invoke0(Native Method)
	at java.base/jdk.internal.reflect.NativeMethodAccessorImpl.invoke(NativeMethodAccessorImpl.java:77)
	at java.base/jdk.internal.reflect.DelegatingMethodAccessorImpl.invoke(DelegatingMethodAccessorImpl.java:43)
	at java.base/java.lang.reflect.Method.invoke(Method.java:568)
	at org.springframework.boot.devtools.restart.RestartLauncher.run(RestartLauncher.java:50)
Caused by: java.lang.IllegalArgumentException: Could not resolve placeholder 'api.ket' in value "{${api.ket}}"
	at org.springframework.util.PropertyPlaceholderHelper.parseStringValue(PropertyPlaceholderHelper.java:180)
	at org.springframework.util.PropertyPlaceholderHelper.replacePlaceholders(PropertyPlaceholderHelper.java:126)
	at org.springframework.core.env.AbstractPropertyResolver.doResolvePlaceholders(AbstractPropertyResolver.java:239)
	at org.springframework.core.env.AbstractPropertyResolver.resolveRequiredPlaceholders(AbstractPropertyResolver.java:210)
	at org.springframework.context.support.PropertySourcesPlaceholderConfigurer.lambda$processProperties$0(PropertySourcesPlaceholderConfigurer.java:200)
	at org.springframework.beans.factory.support.AbstractBeanFactory.resolveEmbeddedValue(AbstractBeanFactory.java:921)
	at org.springframework.beans.factory.support.DefaultListableBeanFactory.doResolveDependency(DefaultListableBeanFactory.java:1372)
	at org.springframework.beans.factory.support.DefaultListableBeanFactory.resolveDependency(DefaultListableBeanFactory.java:1348)
	at org.springframework.beans.factory.annotation.AutowiredAnnotationBeanPostProcessor$AutowiredFieldElement.resolveFieldValue(AutowiredAnnotationBeanPostProcessor.java:769)
	at org.springframework.beans.factory.annotation.AutowiredAnnotationBeanPostProcessor$AutowiredFieldElement.inject(AutowiredAnnotationBeanPostProcessor.java:752)
	at org.springframework.beans.factory.annotation.InjectionMetadata.inject(InjectionMetadata.java:145)
	at org.springframework.beans.factory.annotation.AutowiredAnnotationBeanPostProcessor.postProcessProperties(AutowiredAnnotationBeanPostProcessor.java:493)
	... 22 common frames omitted
[20250515 15:48:57:237][INFO ][com.example.demo.DemoApplication] Starting DemoApplication using Java 17.0.6 with PID 17083 (/Users/sik2/project/likelion/html-java2505/target/classes started by sik2 in /Users/sik2/project/likelion/html-java2505)
[20250515 15:48:57:239][INFO ][com.example.demo.DemoApplication] No active profile set, falling back to 1 default profile: "default"
[20250515 15:48:57:360][INFO ][o.s.b.d.e.DevToolsPropertyDefaultsPostProcessor] Devtools property defaults active! Set 'spring.devtools.add-properties' to 'false' to disable
[20250515 15:48:57:360][INFO ][o.s.b.d.e.DevToolsPropertyDefaultsPostProcessor] For additional web related logging consider setting the 'logging.level.web' property to 'DEBUG'
[20250515 15:48:57:892][INFO ][o.s.b.w.embedded.tomcat.TomcatWebServer] Tomcat initialized with port 4242 (http)
[20250515 15:48:57:897][INFO ][o.apache.coyote.http11.Http11NioProtocol] Initializing ProtocolHandler ["http-nio-4242"]
[20250515 15:48:57:899][INFO ][o.apache.catalina.core.StandardService] Starting service [Tomcat]
[20250515 15:48:57:899][INFO ][org.apache.catalina.core.StandardEngine] Starting Servlet engine: [Apache Tomcat/10.1.16]
[20250515 15:48:57:921][INFO ][o.a.c.c.C.[Tomcat].[localhost].[/]] Initializing Spring embedded WebApplicationContext
[20250515 15:48:57:921][INFO ][o.s.b.w.s.c.ServletWebServerApplicationContext] Root WebApplicationContext: initialization completed in 559 ms
[20250515 15:48:57:948][WARN ][o.s.b.w.s.c.AnnotationConfigServletWebServerApplicationContext] Exception encountered during context initialization - cancelling refresh attempt: org.springframework.beans.factory.BeanCreationException: Error creating bean with name 'widgetController': Injection of autowired dependencies failed
[20250515 15:48:57:950][INFO ][o.apache.catalina.core.StandardService] Stopping service [Tomcat]
[20250515 15:48:57:956][INFO ][o.s.b.a.l.ConditionEvaluationReportLogger] 

Error starting ApplicationContext. To display the condition evaluation report re-run your application with 'debug' enabled.
[20250515 15:48:57:972][ERROR][o.springframework.boot.SpringApplication] Application run failed
org.springframework.beans.factory.BeanCreationException: Error creating bean with name 'widgetController': Injection of autowired dependencies failed
	at org.springframework.beans.factory.annotation.AutowiredAnnotationBeanPostProcessor.postProcessProperties(AutowiredAnnotationBeanPostProcessor.java:499)
	at org.springframework.beans.factory.support.AbstractAutowireCapableBeanFactory.populateBean(AbstractAutowireCapableBeanFactory.java:1420)
	at org.springframework.beans.factory.support.AbstractAutowireCapableBeanFactory.doCreateBean(AbstractAutowireCapableBeanFactory.java:600)
	at org.springframework.beans.factory.support.AbstractAutowireCapableBeanFactory.createBean(AbstractAutowireCapableBeanFactory.java:523)
	at org.springframework.beans.factory.support.AbstractBeanFactory.lambda$doGetBean$0(AbstractBeanFactory.java:325)
	at org.springframework.beans.factory.support.DefaultSingletonBeanRegistry.getSingleton(DefaultSingletonBeanRegistry.java:234)
	at org.springframework.beans.factory.support.AbstractBeanFactory.doGetBean(AbstractBeanFactory.java:323)
	at org.springframework.beans.factory.support.AbstractBeanFactory.getBean(AbstractBeanFactory.java:199)
	at org.springframework.beans.factory.support.DefaultListableBeanFactory.preInstantiateSingletons(DefaultListableBeanFactory.java:973)
	at org.springframework.context.support.AbstractApplicationContext.finishBeanFactoryInitialization(AbstractApplicationContext.java:946)
	at org.springframework.context.support.AbstractApplicationContext.refresh(AbstractApplicationContext.java:616)
	at org.springframework.boot.web.servlet.context.ServletWebServerApplicationContext.refresh(ServletWebServerApplicationContext.java:146)
	at org.springframework.boot.SpringApplication.refresh(SpringApplication.java:753)
	at org.springframework.boot.SpringApplication.refreshContext(SpringApplication.java:455)
	at org.springframework.boot.SpringApplication.run(SpringApplication.java:323)
	at org.springframework.boot.SpringApplication.run(SpringApplication.java:1342)
	at org.springframework.boot.SpringApplication.run(SpringApplication.java:1331)
	at com.example.demo.DemoApplication.main(DemoApplication.java:10)
	at java.base/jdk.internal.reflect.NativeMethodAccessorImpl.invoke0(Native Method)
	at java.base/jdk.internal.reflect.NativeMethodAccessorImpl.invoke(NativeMethodAccessorImpl.java:77)
	at java.base/jdk.internal.reflect.DelegatingMethodAccessorImpl.invoke(DelegatingMethodAccessorImpl.java:43)
	at java.base/java.lang.reflect.Method.invoke(Method.java:568)
	at org.springframework.boot.devtools.restart.RestartLauncher.run(RestartLauncher.java:50)
Caused by: java.lang.IllegalArgumentException: Could not resolve placeholder 'api.ket' in value "{${api.ket}}"
	at org.springframework.util.PropertyPlaceholderHelper.parseStringValue(PropertyPlaceholderHelper.java:180)
	at org.springframework.util.PropertyPlaceholderHelper.replacePlaceholders(PropertyPlaceholderHelper.java:126)
	at org.springframework.core.env.AbstractPropertyResolver.doResolvePlaceholders(AbstractPropertyResolver.java:239)
	at org.springframework.core.env.AbstractPropertyResolver.resolveRequiredPlaceholders(AbstractPropertyResolver.java:210)
	at org.springframework.context.support.PropertySourcesPlaceholderConfigurer.lambda$processProperties$0(PropertySourcesPlaceholderConfigurer.java:200)
	at org.springframework.beans.factory.support.AbstractBeanFactory.resolveEmbeddedValue(AbstractBeanFactory.java:921)
	at org.springframework.beans.factory.support.DefaultListableBeanFactory.doResolveDependency(DefaultListableBeanFactory.java:1372)
	at org.springframework.beans.factory.support.DefaultListableBeanFactory.resolveDependency(DefaultListableBeanFactory.java:1348)
	at org.springframework.beans.factory.annotation.AutowiredAnnotationBeanPostProcessor$AutowiredFieldElement.resolveFieldValue(AutowiredAnnotationBeanPostProcessor.java:769)
	at org.springframework.beans.factory.annotation.AutowiredAnnotationBeanPostProcessor$AutowiredFieldElement.inject(AutowiredAnnotationBeanPostProcessor.java:752)
	at org.springframework.beans.factory.annotation.InjectionMetadata.inject(InjectionMetadata.java:145)
	at org.springframework.beans.factory.annotation.AutowiredAnnotationBeanPostProcessor.postProcessProperties(AutowiredAnnotationBeanPostProcessor.java:493)
	... 22 common frames omitted
[20250515 15:49:47:068][INFO ][com.example.demo.DemoApplication] Starting DemoApplication using Java 17.0.6 with PID 17478 (/Users/sik2/project/likelion/html-java2505/target/classes started by sik2 in /Users/sik2/project/likelion/html-java2505)
[20250515 15:49:47:069][INFO ][com.example.demo.DemoApplication] No active profile set, falling back to 1 default profile: "default"
[20250515 15:49:47:099][INFO ][o.s.b.d.e.DevToolsPropertyDefaultsPostProcessor] Devtools property defaults active! Set 'spring.devtools.add-properties' to 'false' to disable
[20250515 15:49:47:099][INFO ][o.s.b.d.e.DevToolsPropertyDefaultsPostProcessor] For additional web related logging consider setting the 'logging.level.web' property to 'DEBUG'
[20250515 15:49:47:617][INFO ][o.s.b.w.embedded.tomcat.TomcatWebServer] Tomcat initialized with port 4242 (http)
[20250515 15:49:47:623][INFO ][o.apache.coyote.http11.Http11NioProtocol] Initializing ProtocolHandler ["http-nio-4242"]
[20250515 15:49:47:625][INFO ][o.apache.catalina.core.StandardService] Starting service [Tomcat]
[20250515 15:49:47:625][INFO ][org.apache.catalina.core.StandardEngine] Starting Servlet engine: [Apache Tomcat/10.1.16]
[20250515 15:49:47:651][INFO ][o.a.c.c.C.[Tomcat].[localhost].[/]] Initializing Spring embedded WebApplicationContext
[20250515 15:49:47:651][INFO ][o.s.b.w.s.c.ServletWebServerApplicationContext] Root WebApplicationContext: initialization completed in 552 ms
[20250515 15:49:47:682][WARN ][o.s.b.w.s.c.AnnotationConfigServletWebServerApplicationContext] Exception encountered during context initialization - cancelling refresh attempt: org.springframework.beans.factory.BeanCreationException: Error creating bean with name 'widgetController': Injection of autowired dependencies failed
[20250515 15:49:47:688][INFO ][o.apache.catalina.core.StandardService] Stopping service [Tomcat]
[20250515 15:49:47:695][INFO ][o.s.b.a.l.ConditionEvaluationReportLogger] 

Error starting ApplicationContext. To display the condition evaluation report re-run your application with 'debug' enabled.
[20250515 15:49:47:705][ERROR][o.springframework.boot.SpringApplication] Application run failed
org.springframework.beans.factory.BeanCreationException: Error creating bean with name 'widgetController': Injection of autowired dependencies failed
	at org.springframework.beans.factory.annotation.AutowiredAnnotationBeanPostProcessor.postProcessProperties(AutowiredAnnotationBeanPostProcessor.java:499)
	at org.springframework.beans.factory.support.AbstractAutowireCapableBeanFactory.populateBean(AbstractAutowireCapableBeanFactory.java:1420)
	at org.springframework.beans.factory.support.AbstractAutowireCapableBeanFactory.doCreateBean(AbstractAutowireCapableBeanFactory.java:600)
	at org.springframework.beans.factory.support.AbstractAutowireCapableBeanFactory.createBean(AbstractAutowireCapableBeanFactory.java:523)
	at org.springframework.beans.factory.support.AbstractBeanFactory.lambda$doGetBean$0(AbstractBeanFactory.java:325)
	at org.springframework.beans.factory.support.DefaultSingletonBeanRegistry.getSingleton(DefaultSingletonBeanRegistry.java:234)
	at org.springframework.beans.factory.support.AbstractBeanFactory.doGetBean(AbstractBeanFactory.java:323)
	at org.springframework.beans.factory.support.AbstractBeanFactory.getBean(AbstractBeanFactory.java:199)
	at org.springframework.beans.factory.support.DefaultListableBeanFactory.preInstantiateSingletons(DefaultListableBeanFactory.java:973)
	at org.springframework.context.support.AbstractApplicationContext.finishBeanFactoryInitialization(AbstractApplicationContext.java:946)
	at org.springframework.context.support.AbstractApplicationContext.refresh(AbstractApplicationContext.java:616)
	at org.springframework.boot.web.servlet.context.ServletWebServerApplicationContext.refresh(ServletWebServerApplicationContext.java:146)
	at org.springframework.boot.SpringApplication.refresh(SpringApplication.java:753)
	at org.springframework.boot.SpringApplication.refreshContext(SpringApplication.java:455)
	at org.springframework.boot.SpringApplication.run(SpringApplication.java:323)
	at org.springframework.boot.SpringApplication.run(SpringApplication.java:1342)
	at org.springframework.boot.SpringApplication.run(SpringApplication.java:1331)
	at com.example.demo.DemoApplication.main(DemoApplication.java:10)
	at java.base/jdk.internal.reflect.NativeMethodAccessorImpl.invoke0(Native Method)
	at java.base/jdk.internal.reflect.NativeMethodAccessorImpl.invoke(NativeMethodAccessorImpl.java:77)
	at java.base/jdk.internal.reflect.DelegatingMethodAccessorImpl.invoke(DelegatingMethodAccessorImpl.java:43)
	at java.base/java.lang.reflect.Method.invoke(Method.java:568)
	at org.springframework.boot.devtools.restart.RestartLauncher.run(RestartLauncher.java:50)
Caused by: java.lang.IllegalArgumentException: Could not resolve placeholder 'api.ket' in value "${api.ket}"
	at org.springframework.util.PropertyPlaceholderHelper.parseStringValue(PropertyPlaceholderHelper.java:180)
	at org.springframework.util.PropertyPlaceholderHelper.replacePlaceholders(PropertyPlaceholderHelper.java:126)
	at org.springframework.core.env.AbstractPropertyResolver.doResolvePlaceholders(AbstractPropertyResolver.java:239)
	at org.springframework.core.env.AbstractPropertyResolver.resolveRequiredPlaceholders(AbstractPropertyResolver.java:210)
	at org.springframework.context.support.PropertySourcesPlaceholderConfigurer.lambda$processProperties$0(PropertySourcesPlaceholderConfigurer.java:200)
	at org.springframework.beans.factory.support.AbstractBeanFactory.resolveEmbeddedValue(AbstractBeanFactory.java:921)
	at org.springframework.beans.factory.support.DefaultListableBeanFactory.doResolveDependency(DefaultListableBeanFactory.java:1372)
	at org.springframework.beans.factory.support.DefaultListableBeanFactory.resolveDependency(DefaultListableBeanFactory.java:1348)
	at org.springframework.beans.factory.annotation.AutowiredAnnotationBeanPostProcessor$AutowiredFieldElement.resolveFieldValue(AutowiredAnnotationBeanPostProcessor.java:769)
	at org.springframework.beans.factory.annotation.AutowiredAnnotationBeanPostProcessor$AutowiredFieldElement.inject(AutowiredAnnotationBeanPostProcessor.java:752)
	at org.springframework.beans.factory.annotation.InjectionMetadata.inject(InjectionMetadata.java:145)
	at org.springframework.beans.factory.annotation.AutowiredAnnotationBeanPostProcessor.postProcessProperties(AutowiredAnnotationBeanPostProcessor.java:493)
	... 22 common frames omitted
[20250515 15:49:53:526][INFO ][com.example.demo.DemoApplication] Starting DemoApplication using Java 17.0.6 with PID 17554 (/Users/sik2/project/likelion/html-java2505/target/classes started by sik2 in /Users/sik2/project/likelion/html-java2505)
[20250515 15:49:53:529][INFO ][com.example.demo.DemoApplication] No active profile set, falling back to 1 default profile: "default"
[20250515 15:49:53:576][INFO ][o.s.b.d.e.DevToolsPropertyDefaultsPostProcessor] Devtools property defaults active! Set 'spring.devtools.add-properties' to 'false' to disable
[20250515 15:49:53:576][INFO ][o.s.b.d.e.DevToolsPropertyDefaultsPostProcessor] For additional web related logging consider setting the 'logging.level.web' property to 'DEBUG'
[20250515 15:49:54:142][INFO ][o.s.b.w.embedded.tomcat.TomcatWebServer] Tomcat initialized with port 4242 (http)
[20250515 15:49:54:147][INFO ][o.apache.coyote.http11.Http11NioProtocol] Initializing ProtocolHandler ["http-nio-4242"]
[20250515 15:49:54:148][INFO ][o.apache.catalina.core.StandardService] Starting service [Tomcat]
[20250515 15:49:54:148][INFO ][org.apache.catalina.core.StandardEngine] Starting Servlet engine: [Apache Tomcat/10.1.16]
[20250515 15:49:54:169][INFO ][o.a.c.c.C.[Tomcat].[localhost].[/]] Initializing Spring embedded WebApplicationContext
[20250515 15:49:54:170][INFO ][o.s.b.w.s.c.ServletWebServerApplicationContext] Root WebApplicationContext: initialization completed in 594 ms
[20250515 15:49:54:358][WARN ][o.s.b.d.a.OptionalLiveReloadServer] Unable to start LiveReload server
[20250515 15:49:54:366][INFO ][o.apache.coyote.http11.Http11NioProtocol] Starting ProtocolHandler ["http-nio-4242"]
[20250515 15:49:54:380][INFO ][o.s.b.w.embedded.tomcat.TomcatWebServer] Tomcat started on port 4242 (http) with context path ''
[20250515 15:49:54:386][INFO ][com.example.demo.DemoApplication] Started DemoApplication in 1.15 seconds (process running for 1.365)
[20250515 15:50:04:586][INFO ][o.a.c.c.C.[Tomcat].[localhost].[/]] Initializing Spring DispatcherServlet 'dispatcherServlet'
[20250515 15:50:04:586][INFO ][o.s.web.servlet.DispatcherServlet] Initializing Servlet 'dispatcherServlet'
[20250515 15:50:04:588][INFO ][o.s.web.servlet.DispatcherServlet] Completed initialization in 2 ms
[20250515 15:50:48:490][INFO ][com.example.demo.DemoApplication] Starting DemoApplication using Java 17.0.6 with PID 18006 (/Users/sik2/project/likelion/html-java2505/target/classes started by sik2 in /Users/sik2/project/likelion/html-java2505)
[20250515 15:50:48:492][INFO ][com.example.demo.DemoApplication] No active profile set, falling back to 1 default profile: "default"
[20250515 15:50:48:532][INFO ][o.s.b.d.e.DevToolsPropertyDefaultsPostProcessor] Devtools property defaults active! Set 'spring.devtools.add-properties' to 'false' to disable
[20250515 15:50:48:532][INFO ][o.s.b.d.e.DevToolsPropertyDefaultsPostProcessor] For additional web related logging consider setting the 'logging.level.web' property to 'DEBUG'
[20250515 15:50:49:019][INFO ][o.s.b.w.embedded.tomcat.TomcatWebServer] Tomcat initialized with port 4242 (http)
[20250515 15:50:49:023][INFO ][o.apache.coyote.http11.Http11NioProtocol] Initializing ProtocolHandler ["http-nio-4242"]
[20250515 15:50:49:024][INFO ][o.apache.catalina.core.StandardService] Starting service [Tomcat]
[20250515 15:50:49:024][INFO ][org.apache.catalina.core.StandardEngine] Starting Servlet engine: [Apache Tomcat/10.1.16]
[20250515 15:50:49:047][INFO ][o.a.c.c.C.[Tomcat].[localhost].[/]] Initializing Spring embedded WebApplicationContext
[20250515 15:50:49:048][INFO ][o.s.b.w.s.c.ServletWebServerApplicationContext] Root WebApplicationContext: initialization completed in 516 ms
[20250515 15:50:49:231][WARN ][o.s.b.d.a.OptionalLiveReloadServer] Unable to start LiveReload server
[20250515 15:50:49:238][INFO ][o.apache.coyote.http11.Http11NioProtocol] Starting ProtocolHandler ["http-nio-4242"]
[20250515 15:50:49:248][INFO ][o.s.b.w.embedded.tomcat.TomcatWebServer] Tomcat started on port 4242 (http) with context path ''
[20250515 15:50:49:253][INFO ][com.example.demo.DemoApplication] Started DemoApplication in 1.107 seconds (process running for 1.383)
